#
# A fatal error has been detected by the Java Runtime Environment:
#
#  EXCEPTION_ACCESS_VIOLATION (0xc0000005) at pc=0x0000000180005b00, pid=19960, tid=22076
#
# JRE version: Java(TM) SE Runtime Environment (9.0+11) (build 9.0.1+11)
# Java VM: Java HotSpot(TM) 64-Bit Server VM (9.0.1+11, mixed mode, tiered, compressed oops, g1 gc, windows-amd64)
# Problematic frame:
# C  [rxtxSerial.dll+0x5b00]
#
# No core dump will be written. Minidumps are not enabled by default on client versions of Windows
#
# If you would like to submit a bug report, please visit:
#   http://bugreport.java.com/bugreport/crash.jsp
# The crash happened outside the Java Virtual Machine in native code.
# See problematic frame for where to report the bug.
#

---------------  S U M M A R Y ------------

Command Line: -Djava.library.path=D:\nerot\Documents\Git\Project4Her\Code\SaatBank\Client\lib -javaagent:D:\Program Files\JetBrains\IntelliJ IDEA Community Edition 2018.1.5\lib\idea_rt.jar=64994:D:\Program Files\JetBrains\IntelliJ IDEA Community Edition 2018.1.5\bin -Dfile.encoding=UTF-8 nl.hro.stkb.client.BankClient

Host: Intel(R) Core(TM) i7-7700HQ CPU @ 2.80GHz, 8 cores, 15G,  Windows 10 , 64 bit Build 17134 (10.0.17134.1)
Time: Tue Jun 19 16:36:17 2018 West-Europa (zomertijd) elapsed time: 3 seconds (0d 0h 0m 3s)

---------------  T H R E A D  ---------------

Current thread (0x0000013ed8995000):  JavaThread "Thread-0" [_thread_in_native, id=22076, stack(0x0000000c37e00000,0x0000000c37f00000)]

Stack: [0x0000000c37e00000,0x0000000c37f00000],  sp=0x0000000c37efe1a0,  free space=1016k
Native frames: (J=compiled Java code, j=interpreted, Vv=VM code, C=native code)
C  [rxtxSerial.dll+0x5b00]
C  [rxtxSerial.dll+0x6211]
C  0x0000013ebb03921c

Java frames: (J=compiled Java code, j=interpreted, Vv=VM code)
j  gnu.io.RXTXPort.readArray([BII)I+0
j  gnu.io.RXTXPort$SerialInputStream.read([BII)I+212
j  sun.nio.cs.StreamDecoder.readBytes()I+135 java.base@9.0.1
j  sun.nio.cs.StreamDecoder.implRead([CII)I+112 java.base@9.0.1
j  sun.nio.cs.StreamDecoder.read([CII)I+180 java.base@9.0.1
j  java.io.InputStreamReader.read([CII)I+7 java.base@9.0.1
j  java.io.BufferedReader.fill()V+145 java.base@9.0.1
j  java.io.BufferedReader.readLine(Z)Ljava/lang/String;+44 java.base@9.0.1
j  java.io.BufferedReader.readLine()Ljava/lang/String;+2 java.base@9.0.1
j  nl.hro.stkb.client.SerialPortListener.serialEvent(Lgnu/io/SerialPortEvent;)V+5
j  gnu.io.RXTXPort.sendEvent(IZ)Z+382
v  ~StubRoutines::call_stub
j  gnu.io.RXTXPort.eventLoop()V+0
j  gnu.io.RXTXPort$MonitorThread.run()V+12
v  ~StubRoutines::call_stub

siginfo: EXCEPTION_ACCESS_VIOLATION (0xc0000005), reading address 0x0000000037efefe8


Register to memory mapping:

RIP=0x0000000180005b00 rxtxSerial.dll
RAX=0x0000000000000001 is an unknown value
RBX=0x0000000000000000 is an unknown value
RCX=0x000000018001d4d5 rxtxSerial.dll
RDX=0xfffffffffffff665 is an unknown value
RSP=0x0000000c37efe1a0 is pointing into the stack for thread: 0x0000013ed8995000
RBP=0x00000000ffffffff is an unknown value
RSI=0x0000000000000000 is an unknown value
RDI=0x0000013ed8995218 is an unknown value
R8 =0x0000000000000002 is an unknown value
R9 =0xfffffffffffff63c is an unknown value
R10=0x0000000000000016 is an unknown value
R11=0x8101010101010100 is an unknown value
R12=0x0000000037efefe0 is an unknown value
R13=0x0000000000000003 is an unknown value
R14=0x0000000c37efe388 is pointing into the stack for thread: 0x0000013ed8995000
R15=0x0000000000000000 is an unknown value


Registers:
RAX=0x0000000000000001, RBX=0x0000000000000000, RCX=0x000000018001d4d5, RDX=0xfffffffffffff665
RSP=0x0000000c37efe1a0, RBP=0x00000000ffffffff, RSI=0x0000000000000000, RDI=0x0000013ed8995218
R8 =0x0000000000000002, R9 =0xfffffffffffff63c, R10=0x0000000000000016, R11=0x8101010101010100
R12=0x0000000037efefe0, R13=0x0000000000000003, R14=0x0000000c37efe388, R15=0x0000000000000000
RIP=0x0000000180005b00, EFLAGS=0x0000000000010202

Top of Stack: (sp=0x0000000c37efe1a0)
0x0000000c37efe1a0:   0000000000000000 0000000000000000
0x0000000c37efe1b0:   0000000c37efe390 0000000000000000
0x0000000c37efe1c0:   0000000000000000 0000000c37efe388
0x0000000c37efe1d0:   0000013ed9f06438 0000000000000001
0x0000000c37efe1e0:   0000013ed8995218 0000000000000003
0x0000000c37efe1f0:   ffffffffffffffff 0000000180006211
0x0000000c37efe200:   0000013ed9761260 0000000000000003
0x0000000c37efe210:   0000000000000001 0000013ed9761260
0x0000000c37efe220:   0000000000000003 00000000ffffffff
0x0000000c37efe230:   0000000c37efe390 0000013ed9f06440
0x0000000c37efe240:   0000013ed8995000 0000013ed8e4b660
0x0000000c37efe250:   0000013ed8fca6c0 00000000742b8bf0
0x0000000c37efe260:   0000000c37efec18 0000013ed9f06440
0x0000000c37efe270:   0000013ebb028910 00000681cfa947f1
0x0000000c37efe280:   0000013ed9f06440 0000013ed9f06438
0x0000000c37efe290:   0000013ed8995000 0000000c37efe390 

Instructions: (pc=0x0000000180005b00)
0x0000000180005ae0:   15 23 7a 01 00 48 8d 48 60 e8 3a 5d 00 00 4c 8b
0x0000000180005af0:   e5 8b ac 24 88 00 00 00 44 8b ac 24 80 00 00 00
0x0000000180005b00:   45 8b 74 24 08 41 89 5c 24 08 41 8b fd 85 ed 78
0x0000000180005b10:   09 ff 15 e9 14 01 00 44 8b f8 45 85 ed 7e 4a 90 



---------------  P R O C E S S  ---------------

Java Threads: ( => current thread )
  0x0000013ed937e800 JavaThread "Image Fetcher 0" daemon [_thread_blocked, id=22760, stack(0x0000000c37f00000,0x0000000c38000000)]
=>0x0000013ed8995000 JavaThread "Thread-0" [_thread_in_native, id=22076, stack(0x0000000c37e00000,0x0000000c37f00000)]
  0x0000013eaef0a000 JavaThread "DestroyJavaVM" [_thread_blocked, id=16580, stack(0x0000000c35700000,0x0000000c35800000)]
  0x0000013ed8139800 JavaThread "AWT-EventQueue-0" [_thread_blocked, id=25268, stack(0x0000000c37d00000,0x0000000c37e00000)]
  0x0000013ed935d800 JavaThread "AWT-Windows" daemon [_thread_in_native, id=23904, stack(0x0000000c37c00000,0x0000000c37d00000)]
  0x0000013ed94d1000 JavaThread "AWT-Shutdown" [_thread_blocked, id=12384, stack(0x0000000c37b00000,0x0000000c37c00000)]
  0x0000013ed91ef000 JavaThread "Java2D Disposer" daemon [_thread_blocked, id=5584, stack(0x0000000c37a00000,0x0000000c37b00000)]
  0x0000013ed8369000 JavaThread "Service Thread" daemon [_thread_blocked, id=19236, stack(0x0000000c37800000,0x0000000c37900000)]
  0x0000013ed8368800 JavaThread "Monitor Ctrl-Break" daemon [_thread_in_native, id=20844, stack(0x0000000c37700000,0x0000000c37800000)]
  0x0000013ed7e85000 JavaThread "Common-Cleaner" daemon [_thread_blocked, id=21136, stack(0x0000000c37600000,0x0000000c37700000)]
  0x0000013ed7dcc800 JavaThread "Sweeper thread" daemon [_thread_blocked, id=1576, stack(0x0000000c37500000,0x0000000c37600000)]
  0x0000013ed7dbe000 JavaThread "C1 CompilerThread3" daemon [_thread_blocked, id=14704, stack(0x0000000c37400000,0x0000000c37500000)]
  0x0000013ed7db1000 JavaThread "C2 CompilerThread2" daemon [_thread_blocked, id=13416, stack(0x0000000c37300000,0x0000000c37400000)]
  0x0000013ed7dad800 JavaThread "C2 CompilerThread1" daemon [_thread_blocked, id=24996, stack(0x0000000c37200000,0x0000000c37300000)]
  0x0000013ed7dad000 JavaThread "C2 CompilerThread0" daemon [_thread_blocked, id=24636, stack(0x0000000c37100000,0x0000000c37200000)]
  0x0000013ed7dac000 JavaThread "Attach Listener" daemon [_thread_blocked, id=19812, stack(0x0000000c37000000,0x0000000c37100000)]
  0x0000013ed7dab800 JavaThread "Signal Dispatcher" daemon [_thread_blocked, id=14812, stack(0x0000000c36f00000,0x0000000c37000000)]
  0x0000013ed753e000 JavaThread "Finalizer" daemon [_thread_blocked, id=12680, stack(0x0000000c36e00000,0x0000000c36f00000)]
  0x0000013ed753d800 JavaThread "Reference Handler" daemon [_thread_blocked, id=1004, stack(0x0000000c36d00000,0x0000000c36e00000)]

Other Threads:
  0x0000013ed7532800 VMThread "VM Thread" [stack: 0x0000000c36c00000,0x0000000c36d00000] [id=19304]
  0x0000013ed8387000 WatcherThread [stack: 0x0000000c37900000,0x0000000c37a00000] [id=13872]
  0x0000013eaef21000 GCTaskThread "GC Thread#0" [stack: 0x0000000c35800000,0x0000000c35900000] [id=22640]
  0x0000013eaef22800 GCTaskThread "GC Thread#1" [stack: 0x0000000c35900000,0x0000000c35a00000] [id=10104]
  0x0000013eaef24000 GCTaskThread "GC Thread#2" [stack: 0x0000000c35a00000,0x0000000c35b00000] [id=12420]
  0x0000013eaef28800 GCTaskThread "GC Thread#3" [stack: 0x0000000c35b00000,0x0000000c35c00000] [id=18784]
  0x0000013eaef2d800 GCTaskThread "GC Thread#4" [stack: 0x0000000c35c00000,0x0000000c35d00000] [id=11164]
  0x0000013eaef31000 GCTaskThread "GC Thread#5" [stack: 0x0000000c35d00000,0x0000000c35e00000] [id=19480]
  0x0000013eaef36000 GCTaskThread "GC Thread#6" [stack: 0x0000000c35e00000,0x0000000c35f00000] [id=16188]
  0x0000013eaef3a000 GCTaskThread "GC Thread#7" [stack: 0x0000000c35f00000,0x0000000c36000000] [id=13404]
  0x0000013eaefa5800 ConcurrentGCThread "G1 Main Marker" [stack: 0x0000000c36900000,0x0000000c36a00000] [id=20348]
  0x0000013eaefa9000 ConcurrentGCThread "G1 Marker#0" [stack: 0x0000000c36a00000,0x0000000c36b00000] [id=14380]
  0x0000013eaefab000 ConcurrentGCThread "G1 Marker#1" [stack: 0x0000000c36b00000,0x0000000c36c00000] [id=2608]
  0x0000013eaef54800 ConcurrentGCThread "G1 Refine#0" [stack: 0x0000000c36700000,0x0000000c36800000] [id=25436]
  0x0000013eaef52800 ConcurrentGCThread "G1 Refine#1" [stack: 0x0000000c36600000,0x0000000c36700000] [id=2952]
  0x0000013eaef55000 ConcurrentGCThread "G1 Refine#2" [stack: 0x0000000c36500000,0x0000000c36600000] [id=7452]
  0x0000013eaef52000 ConcurrentGCThread "G1 Refine#3" [stack: 0x0000000c36400000,0x0000000c36500000] [id=3332]
  0x0000013eaef51000 ConcurrentGCThread "G1 Refine#4" [stack: 0x0000000c36300000,0x0000000c36400000] [id=17600]
  0x0000013eaef4a800 ConcurrentGCThread "G1 Refine#5" [stack: 0x0000000c36200000,0x0000000c36300000] [id=18372]
  0x0000013eaef45000 ConcurrentGCThread "G1 Refine#6" [stack: 0x0000000c36100000,0x0000000c36200000] [id=25092]
  0x0000013eaef44000 ConcurrentGCThread "G1 Refine#7" [stack: 0x0000000c36000000,0x0000000c36100000] [id=24072]
  0x0000013eaef62000 ConcurrentGCThread "G1 Young RemSet Sampling" [stack: 0x0000000c36800000,0x0000000c36900000] [id=12720]

Threads with active compile tasks:

VM state:not at safepoint (normal execution)

VM Mutex/Monitor currently owned by a thread: None

Heap address: 0x00000006c1c00000, size: 4068 MB, Compressed Oops mode: Zero based, Oop shift amount: 3
Narrow klass base: 0x0000000000000000, Narrow klass shift: 3
Compressed class space size: 1073741824 Address: 0x00000007c0000000

Heap:
 garbage-first heap   total 262144K, used 23039K [0x00000006c1c00000, 0x00000006c1d00800, 0x00000007c0000000)
  region size 1024K, 14 young (14336K), 3 survivors (3072K)
 Metaspace       used 17380K, capacity 18214K, committed 18560K, reserved 1064960K
  class space    used 1907K, capacity 2085K, committed 2176K, reserved 1048576K
Heap Regions: E=young(eden), S=young(survivor), O=old, HS=humongous(starts), HC=humongous(continues), CS=collection set, F=free, A=archive, TS=gc time stamp, AC=allocation context, TAMS=top-at-mark-start (previous, next)
|   0|0x00000006c1c00000, 0x00000006c1d00000, 0x00000006c1d00000|100%| O|  |TS  1|AC  0|TAMS 0x00000006c1c00000, 0x00000006c1c00000|
|   1|0x00000006c1d00000, 0x00000006c1d7fe00, 0x00000006c1e00000| 49%| O|  |TS  1|AC  0|TAMS 0x00000006c1d00000, 0x00000006c1d00000|
|   2|0x00000006c1e00000, 0x00000006c1f00000, 0x00000006c1f00000|100%|HS|  |TS  0|AC  0|TAMS 0x00000006c1e00000, 0x00000006c1e00000|
|   3|0x00000006c1f00000, 0x00000006c2000000, 0x00000006c2000000|100%|HC|  |TS  0|AC  0|TAMS 0x00000006c1f00000, 0x00000006c1f00000|
|   4|0x00000006c2000000, 0x00000006c2100000, 0x00000006c2100000|100%|HC|  |TS  0|AC  0|TAMS 0x00000006c2000000, 0x00000006c2000000|
|   5|0x00000006c2100000, 0x00000006c2200000, 0x00000006c2200000|100%|HC|  |TS  0|AC  0|TAMS 0x00000006c2100000, 0x00000006c2100000|
|   6|0x00000006c2200000, 0x00000006c2300000, 0x00000006c2300000|100%|HC|  |TS  0|AC  0|TAMS 0x00000006c2200000, 0x00000006c2200000|
|   7|0x00000006c2300000, 0x00000006c2400000, 0x00000006c2400000|100%|HC|  |TS  0|AC  0|TAMS 0x00000006c2300000, 0x00000006c2300000|
|   8|0x00000006c2400000, 0x00000006c2500000, 0x00000006c2500000|100%|HC|  |TS  0|AC  0|TAMS 0x00000006c2400000, 0x00000006c2400000|
|   9|0x00000006c2500000, 0x00000006c2600000, 0x00000006c2600000|100%|HC|  |TS  0|AC  0|TAMS 0x00000006c2500000, 0x00000006c2500000|
|  10|0x00000006c2600000, 0x00000006c2600000, 0x00000006c2700000|  0%| F|  |TS  0|AC  0|TAMS 0x00000006c2600000, 0x00000006c2600000|
|  11|0x00000006c2700000, 0x00000006c2700000, 0x00000006c2800000|  0%| F|  |TS  0|AC  0|TAMS 0x00000006c2700000, 0x00000006c2700000|
|  12|0x00000006c2800000, 0x00000006c2800000, 0x00000006c2900000|  0%| F|  |TS  0|AC  0|TAMS 0x00000006c2800000, 0x00000006c2800000|
|  13|0x00000006c2900000, 0x00000006c2900000, 0x00000006c2a00000|  0%| F|  |TS  0|AC  0|TAMS 0x00000006c2900000, 0x00000006c2900000|
|  14|0x00000006c2a00000, 0x00000006c2a00000, 0x00000006c2b00000|  0%| F|  |TS  0|AC  0|TAMS 0x00000006c2a00000, 0x00000006c2a00000|
|  15|0x00000006c2b00000, 0x00000006c2b00000, 0x00000006c2c00000|  0%| F|  |TS  0|AC  0|TAMS 0x00000006c2b00000, 0x00000006c2b00000|
|  16|0x00000006c2c00000, 0x00000006c2c00000, 0x00000006c2d00000|  0%| F|  |TS  0|AC  0|TAMS 0x00000006c2c00000, 0x00000006c2c00000|
|  17|0x00000006c2d00000, 0x00000006c2d00000, 0x00000006c2e00000|  0%| F|  |TS  0|AC  0|TAMS 0x00000006c2d00000, 0x00000006c2d00000|
|  18|0x00000006c2e00000, 0x00000006c2e00000, 0x00000006c2f00000|  0%| F|  |TS  0|AC  0|TAMS 0x00000006c2e00000, 0x00000006c2e00000|
|  19|0x00000006c2f00000, 0x00000006c2f00000, 0x00000006c3000000|  0%| F|  |TS  0|AC  0|TAMS 0x00000006c2f00000, 0x00000006c2f00000|
|  20|0x00000006c3000000, 0x00000006c3000000, 0x00000006c3100000|  0%| F|  |TS  0|AC  0|TAMS 0x00000006c3000000, 0x00000006c3000000|
|  21|0x00000006c3100000, 0x00000006c3100000, 0x00000006c3200000|  0%| F|  |TS  0|AC  0|TAMS 0x00000006c3100000, 0x00000006c3100000|
|  22|0x00000006c3200000, 0x00000006c3200000, 0x00000006c3300000|  0%| F|  |TS  0|AC  0|TAMS 0x00000006c3200000, 0x00000006c3200000|
|  23|0x00000006c3300000, 0x00000006c3300000, 0x00000006c3400000|  0%| F|  |TS  0|AC  0|TAMS 0x00000006c3300000, 0x00000006c3300000|
|  24|0x00000006c3400000, 0x00000006c3400000, 0x00000006c3500000|  0%| F|  |TS  0|AC  0|TAMS 0x00000006c3400000, 0x00000006c3400000|
|  25|0x00000006c3500000, 0x00000006c3500000, 0x00000006c3600000|  0%| F|  |TS  0|AC  0|TAMS 0x00000006c3500000, 0x00000006c3500000|
|  26|0x00000006c3600000, 0x00000006c3600000, 0x00000006c3700000|  0%| F|  |TS  0|AC  0|TAMS 0x00000006c3600000, 0x00000006c3600000|
|  27|0x00000006c3700000, 0x00000006c3700000, 0x00000006c3800000|  0%| F|  |TS  0|AC  0|TAMS 0x00000006c3700000, 0x00000006c3700000|
|  28|0x00000006c3800000, 0x00000006c3800000, 0x00000006c3900000|  0%| F|  |TS  0|AC  0|TAMS 0x00000006c3800000, 0x00000006c3800000|
|  29|0x00000006c3900000, 0x00000006c3900000, 0x00000006c3a00000|  0%| F|  |TS  0|AC  0|TAMS 0x00000006c3900000, 0x00000006c3900000|
|  30|0x00000006c3a00000, 0x00000006c3a00000, 0x00000006c3b00000|  0%| F|  |TS  0|AC  0|TAMS 0x00000006c3a00000, 0x00000006c3a00000|
|  31|0x00000006c3b00000, 0x00000006c3b00000, 0x00000006c3c00000|  0%| F|  |TS  0|AC  0|TAMS 0x00000006c3b00000, 0x00000006c3b00000|
|  32|0x00000006c3c00000, 0x00000006c3c00000, 0x00000006c3d00000|  0%| F|  |TS  0|AC  0|TAMS 0x00000006c3c00000, 0x00000006c3c00000|
|  33|0x00000006c3d00000, 0x00000006c3d00000, 0x00000006c3e00000|  0%| F|  |TS  0|AC  0|TAMS 0x00000006c3d00000, 0x00000006c3d00000|
|  34|0x00000006c3e00000, 0x00000006c3e00000, 0x00000006c3f00000|  0%| F|  |TS  0|AC  0|TAMS 0x00000006c3e00000, 0x00000006c3e00000|
|  35|0x00000006c3f00000, 0x00000006c3f00000, 0x00000006c4000000|  0%| F|  |TS  0|AC  0|TAMS 0x00000006c3f00000, 0x00000006c3f00000|
|  36|0x00000006c4000000, 0x00000006c4000000, 0x00000006c4100000|  0%| F|  |TS  0|AC  0|TAMS 0x00000006c4000000, 0x00000006c4000000|
|  37|0x00000006c4100000, 0x00000006c4100000, 0x00000006c4200000|  0%| F|  |TS  0|AC  0|TAMS 0x00000006c4100000, 0x00000006c4100000|
|  38|0x00000006c4200000, 0x00000006c4200000, 0x00000006c4300000|  0%| F|  |TS  0|AC  0|TAMS 0x00000006c4200000, 0x00000006c4200000|
|  39|0x00000006c4300000, 0x00000006c4300000, 0x00000006c4400000|  0%| F|  |TS  0|AC  0|TAMS 0x00000006c4300000, 0x00000006c4300000|
|  40|0x00000006c4400000, 0x00000006c4400000, 0x00000006c4500000|  0%| F|  |TS  0|AC  0|TAMS 0x00000006c4400000, 0x00000006c4400000|
|  41|0x00000006c4500000, 0x00000006c4500000, 0x00000006c4600000|  0%| F|  |TS  0|AC  0|TAMS 0x00000006c4500000, 0x00000006c4500000|
|  42|0x00000006c4600000, 0x00000006c4600000, 0x00000006c4700000|  0%| F|  |TS  0|AC  0|TAMS 0x00000006c4600000, 0x00000006c4600000|
|  43|0x00000006c4700000, 0x00000006c4700000, 0x00000006c4800000|  0%| F|  |TS  0|AC  0|TAMS 0x00000006c4700000, 0x00000006c4700000|
|  44|0x00000006c4800000, 0x00000006c4800000, 0x00000006c4900000|  0%| F|  |TS  0|AC  0|TAMS 0x00000006c4800000, 0x00000006c4800000|
|  45|0x00000006c4900000, 0x00000006c4900000, 0x00000006c4a00000|  0%| F|  |TS  0|AC  0|TAMS 0x00000006c4900000, 0x00000006c4900000|
|  46|0x00000006c4a00000, 0x00000006c4a00000, 0x00000006c4b00000|  0%| F|  |TS  0|AC  0|TAMS 0x00000006c4a00000, 0x00000006c4a00000|
|  47|0x00000006c4b00000, 0x00000006c4b00000, 0x00000006c4c00000|  0%| F|  |TS  0|AC  0|TAMS 0x00000006c4b00000, 0x00000006c4b00000|
|  48|0x00000006c4c00000, 0x00000006c4c00000, 0x00000006c4d00000|  0%| F|  |TS  0|AC  0|TAMS 0x00000006c4c00000, 0x00000006c4c00000|
|  49|0x00000006c4d00000, 0x00000006c4d00000, 0x00000006c4e00000|  0%| F|  |TS  0|AC  0|TAMS 0x00000006c4d00000, 0x00000006c4d00000|
|  50|0x00000006c4e00000, 0x00000006c4e00000, 0x00000006c4f00000|  0%| F|  |TS  0|AC  0|TAMS 0x00000006c4e00000, 0x00000006c4e00000|
|  51|0x00000006c4f00000, 0x00000006c4f00000, 0x00000006c5000000|  0%| F|  |TS  0|AC  0|TAMS 0x00000006c4f00000, 0x00000006c4f00000|
|  52|0x00000006c5000000, 0x00000006c5000000, 0x00000006c5100000|  0%| F|  |TS  0|AC  0|TAMS 0x00000006c5000000, 0x00000006c5000000|
|  53|0x00000006c5100000, 0x00000006c5100000, 0x00000006c5200000|  0%| F|  |TS  0|AC  0|TAMS 0x00000006c5100000, 0x00000006c5100000|
|  54|0x00000006c5200000, 0x00000006c5200000, 0x00000006c5300000|  0%| F|  |TS  0|AC  0|TAMS 0x00000006c5200000, 0x00000006c5200000|
|  55|0x00000006c5300000, 0x00000006c5300000, 0x00000006c5400000|  0%| F|  |TS  0|AC  0|TAMS 0x00000006c5300000, 0x00000006c5300000|
|  56|0x00000006c5400000, 0x00000006c5400000, 0x00000006c5500000|  0%| F|  |TS  0|AC  0|TAMS 0x00000006c5400000, 0x00000006c5400000|
|  57|0x00000006c5500000, 0x00000006c5500000, 0x00000006c5600000|  0%| F|  |TS  0|AC  0|TAMS 0x00000006c5500000, 0x00000006c5500000|
|  58|0x00000006c5600000, 0x00000006c5600000, 0x00000006c5700000|  0%| F|  |TS  0|AC  0|TAMS 0x00000006c5600000, 0x00000006c5600000|
|  59|0x00000006c5700000, 0x00000006c5700000, 0x00000006c5800000|  0%| F|  |TS  0|AC  0|TAMS 0x00000006c5700000, 0x00000006c5700000|
|  60|0x00000006c5800000, 0x00000006c5800000, 0x00000006c5900000|  0%| F|  |TS  0|AC  0|TAMS 0x00000006c5800000, 0x00000006c5800000|
|  61|0x00000006c5900000, 0x00000006c5900000, 0x00000006c5a00000|  0%| F|  |TS  0|AC  0|TAMS 0x00000006c5900000, 0x00000006c5900000|
|  62|0x00000006c5a00000, 0x00000006c5a00000, 0x00000006c5b00000|  0%| F|  |TS  0|AC  0|TAMS 0x00000006c5a00000, 0x00000006c5a00000|
|  63|0x00000006c5b00000, 0x00000006c5b00000, 0x00000006c5c00000|  0%| F|  |TS  0|AC  0|TAMS 0x00000006c5b00000, 0x00000006c5b00000|
|  64|0x00000006c5c00000, 0x00000006c5c00000, 0x00000006c5d00000|  0%| F|  |TS  0|AC  0|TAMS 0x00000006c5c00000, 0x00000006c5c00000|
|  65|0x00000006c5d00000, 0x00000006c5d00000, 0x00000006c5e00000|  0%| F|  |TS  0|AC  0|TAMS 0x00000006c5d00000, 0x00000006c5d00000|
|  66|0x00000006c5e00000, 0x00000006c5e00000, 0x00000006c5f00000|  0%| F|  |TS  0|AC  0|TAMS 0x00000006c5e00000, 0x00000006c5e00000|
|  67|0x00000006c5f00000, 0x00000006c5f00000, 0x00000006c6000000|  0%| F|  |TS  0|AC  0|TAMS 0x00000006c5f00000, 0x00000006c5f00000|
|  68|0x00000006c6000000, 0x00000006c6000000, 0x00000006c6100000|  0%| F|  |TS  0|AC  0|TAMS 0x00000006c6000000, 0x00000006c6000000|
|  69|0x00000006c6100000, 0x00000006c6100000, 0x00000006c6200000|  0%| F|  |TS  0|AC  0|TAMS 0x00000006c6100000, 0x00000006c6100000|
|  70|0x00000006c6200000, 0x00000006c6200000, 0x00000006c6300000|  0%| F|  |TS  0|AC  0|TAMS 0x00000006c6200000, 0x00000006c6200000|
|  71|0x00000006c6300000, 0x00000006c6300000, 0x00000006c6400000|  0%| F|  |TS  0|AC  0|TAMS 0x00000006c6300000, 0x00000006c6300000|
|  72|0x00000006c6400000, 0x00000006c6400000, 0x00000006c6500000|  0%| F|  |TS  0|AC  0|TAMS 0x00000006c6400000, 0x00000006c6400000|
|  73|0x00000006c6500000, 0x00000006c6500000, 0x00000006c6600000|  0%| F|  |TS  0|AC  0|TAMS 0x00000006c6500000, 0x00000006c6500000|
|  74|0x00000006c6600000, 0x00000006c6600000, 0x00000006c6700000|  0%| F|  |TS  0|AC  0|TAMS 0x00000006c6600000, 0x00000006c6600000|
|  75|0x00000006c6700000, 0x00000006c6700000, 0x00000006c6800000|  0%| F|  |TS  0|AC  0|TAMS 0x00000006c6700000, 0x00000006c6700000|
|  76|0x00000006c6800000, 0x00000006c6800000, 0x00000006c6900000|  0%| F|  |TS  0|AC  0|TAMS 0x00000006c6800000, 0x00000006c6800000|
|  77|0x00000006c6900000, 0x00000006c6900000, 0x00000006c6a00000|  0%| F|  |TS  0|AC  0|TAMS 0x00000006c6900000, 0x00000006c6900000|
|  78|0x00000006c6a00000, 0x00000006c6a00000, 0x00000006c6b00000|  0%| F|  |TS  0|AC  0|TAMS 0x00000006c6a00000, 0x00000006c6a00000|
|  79|0x00000006c6b00000, 0x00000006c6b00000, 0x00000006c6c00000|  0%| F|  |TS  0|AC  0|TAMS 0x00000006c6b00000, 0x00000006c6b00000|
|  80|0x00000006c6c00000, 0x00000006c6c00000, 0x00000006c6d00000|  0%| F|  |TS  0|AC  0|TAMS 0x00000006c6c00000, 0x00000006c6c00000|
|  81|0x00000006c6d00000, 0x00000006c6d00000, 0x00000006c6e00000|  0%| F|  |TS  0|AC  0|TAMS 0x00000006c6d00000, 0x00000006c6d00000|
|  82|0x00000006c6e00000, 0x00000006c6e00000, 0x00000006c6f00000|  0%| F|  |TS  0|AC  0|TAMS 0x00000006c6e00000, 0x00000006c6e00000|
|  83|0x00000006c6f00000, 0x00000006c6f00000, 0x00000006c7000000|  0%| F|  |TS  0|AC  0|TAMS 0x00000006c6f00000, 0x00000006c6f00000|
|  84|0x00000006c7000000, 0x00000006c7000000, 0x00000006c7100000|  0%| F|  |TS  0|AC  0|TAMS 0x00000006c7000000, 0x00000006c7000000|
|  85|0x00000006c7100000, 0x00000006c7100000, 0x00000006c7200000|  0%| F|  |TS  0|AC  0|TAMS 0x00000006c7100000, 0x00000006c7100000|
|  86|0x00000006c7200000, 0x00000006c7200000, 0x00000006c7300000|  0%| F|  |TS  0|AC  0|TAMS 0x00000006c7200000, 0x00000006c7200000|
|  87|0x00000006c7300000, 0x00000006c7300000, 0x00000006c7400000|  0%| F|  |TS  0|AC  0|TAMS 0x00000006c7300000, 0x00000006c7300000|
|  88|0x00000006c7400000, 0x00000006c7400000, 0x00000006c7500000|  0%| F|  |TS  0|AC  0|TAMS 0x00000006c7400000, 0x00000006c7400000|
|  89|0x00000006c7500000, 0x00000006c7500000, 0x00000006c7600000|  0%| F|  |TS  0|AC  0|TAMS 0x00000006c7500000, 0x00000006c7500000|
|  90|0x00000006c7600000, 0x00000006c7600000, 0x00000006c7700000|  0%| F|  |TS  0|AC  0|TAMS 0x00000006c7600000, 0x00000006c7600000|
|  91|0x00000006c7700000, 0x00000006c7700000, 0x00000006c7800000|  0%| F|  |TS  0|AC  0|TAMS 0x00000006c7700000, 0x00000006c7700000|
|  92|0x00000006c7800000, 0x00000006c7800000, 0x00000006c7900000|  0%| F|  |TS  0|AC  0|TAMS 0x00000006c7800000, 0x00000006c7800000|
|  93|0x00000006c7900000, 0x00000006c7900000, 0x00000006c7a00000|  0%| F|  |TS  0|AC  0|TAMS 0x00000006c7900000, 0x00000006c7900000|
|  94|0x00000006c7a00000, 0x00000006c7a00000, 0x00000006c7b00000|  0%| F|  |TS  0|AC  0|TAMS 0x00000006c7a00000, 0x00000006c7a00000|
|  95|0x00000006c7b00000, 0x00000006c7b00000, 0x00000006c7c00000|  0%| F|  |TS  0|AC  0|TAMS 0x00000006c7b00000, 0x00000006c7b00000|
|  96|0x00000006c7c00000, 0x00000006c7c00000, 0x00000006c7d00000|  0%| F|  |TS  0|AC  0|TAMS 0x00000006c7c00000, 0x00000006c7c00000|
|  97|0x00000006c7d00000, 0x00000006c7d00000, 0x00000006c7e00000|  0%| F|  |TS  0|AC  0|TAMS 0x00000006c7d00000, 0x00000006c7d00000|
|  98|0x00000006c7e00000, 0x00000006c7e00000, 0x00000006c7f00000|  0%| F|  |TS  0|AC  0|TAMS 0x00000006c7e00000, 0x00000006c7e00000|
|  99|0x00000006c7f00000, 0x00000006c7f00000, 0x00000006c8000000|  0%| F|  |TS  0|AC  0|TAMS 0x00000006c7f00000, 0x00000006c7f00000|
| 100|0x00000006c8000000, 0x00000006c8000000, 0x00000006c8100000|  0%| F|  |TS  0|AC  0|TAMS 0x00000006c8000000, 0x00000006c8000000|
| 101|0x00000006c8100000, 0x00000006c8100000, 0x00000006c8200000|  0%| F|  |TS  0|AC  0|TAMS 0x00000006c8100000, 0x00000006c8100000|
| 102|0x00000006c8200000, 0x00000006c8200000, 0x00000006c8300000|  0%| F|  |TS  0|AC  0|TAMS 0x00000006c8200000, 0x00000006c8200000|
| 103|0x00000006c8300000, 0x00000006c8300000, 0x00000006c8400000|  0%| F|  |TS  0|AC  0|TAMS 0x00000006c8300000, 0x00000006c8300000|
| 104|0x00000006c8400000, 0x00000006c8400000, 0x00000006c8500000|  0%| F|  |TS  0|AC  0|TAMS 0x00000006c8400000, 0x00000006c8400000|
| 105|0x00000006c8500000, 0x00000006c8500000, 0x00000006c8600000|  0%| F|  |TS  0|AC  0|TAMS 0x00000006c8500000, 0x00000006c8500000|
| 106|0x00000006c8600000, 0x00000006c8600000, 0x00000006c8700000|  0%| F|  |TS  0|AC  0|TAMS 0x00000006c8600000, 0x00000006c8600000|
| 107|0x00000006c8700000, 0x00000006c8700000, 0x00000006c8800000|  0%| F|  |TS  0|AC  0|TAMS 0x00000006c8700000, 0x00000006c8700000|
| 108|0x00000006c8800000, 0x00000006c8800000, 0x00000006c8900000|  0%| F|  |TS  0|AC  0|TAMS 0x00000006c8800000, 0x00000006c8800000|
| 109|0x00000006c8900000, 0x00000006c8900000, 0x00000006c8a00000|  0%| F|  |TS  0|AC  0|TAMS 0x00000006c8900000, 0x00000006c8900000|
| 110|0x00000006c8a00000, 0x00000006c8a00000, 0x00000006c8b00000|  0%| F|  |TS  0|AC  0|TAMS 0x00000006c8a00000, 0x00000006c8a00000|
| 111|0x00000006c8b00000, 0x00000006c8b00000, 0x00000006c8c00000|  0%| F|  |TS  0|AC  0|TAMS 0x00000006c8b00000, 0x00000006c8b00000|
| 112|0x00000006c8c00000, 0x00000006c8c00000, 0x00000006c8d00000|  0%| F|  |TS  0|AC  0|TAMS 0x00000006c8c00000, 0x00000006c8c00000|
| 113|0x00000006c8d00000, 0x00000006c8d00000, 0x00000006c8e00000|  0%| F|  |TS  0|AC  0|TAMS 0x00000006c8d00000, 0x00000006c8d00000|
| 114|0x00000006c8e00000, 0x00000006c8e00000, 0x00000006c8f00000|  0%| F|  |TS  0|AC  0|TAMS 0x00000006c8e00000, 0x00000006c8e00000|
| 115|0x00000006c8f00000, 0x00000006c8f00000, 0x00000006c9000000|  0%| F|  |TS  0|AC  0|TAMS 0x00000006c8f00000, 0x00000006c8f00000|
| 116|0x00000006c9000000, 0x00000006c9000000, 0x00000006c9100000|  0%| F|  |TS  0|AC  0|TAMS 0x00000006c9000000, 0x00000006c9000000|
| 117|0x00000006c9100000, 0x00000006c9100000, 0x00000006c9200000|  0%| F|  |TS  0|AC  0|TAMS 0x00000006c9100000, 0x00000006c9100000|
| 118|0x00000006c9200000, 0x00000006c9200000, 0x00000006c9300000|  0%| F|  |TS  0|AC  0|TAMS 0x00000006c9200000, 0x00000006c9200000|
| 119|0x00000006c9300000, 0x00000006c9300000, 0x00000006c9400000|  0%| F|  |TS  0|AC  0|TAMS 0x00000006c9300000, 0x00000006c9300000|
| 120|0x00000006c9400000, 0x00000006c9400000, 0x00000006c9500000|  0%| F|  |TS  0|AC  0|TAMS 0x00000006c9400000, 0x00000006c9400000|
| 121|0x00000006c9500000, 0x00000006c9500000, 0x00000006c9600000|  0%| F|  |TS  0|AC  0|TAMS 0x00000006c9500000, 0x00000006c9500000|
| 122|0x00000006c9600000, 0x00000006c9600000, 0x00000006c9700000|  0%| F|  |TS  0|AC  0|TAMS 0x00000006c9600000, 0x00000006c9600000|
| 123|0x00000006c9700000, 0x00000006c9700000, 0x00000006c9800000|  0%| F|  |TS  0|AC  0|TAMS 0x00000006c9700000, 0x00000006c9700000|
| 124|0x00000006c9800000, 0x00000006c9800000, 0x00000006c9900000|  0%| F|  |TS  0|AC  0|TAMS 0x00000006c9800000, 0x00000006c9800000|
| 125|0x00000006c9900000, 0x00000006c9900000, 0x00000006c9a00000|  0%| F|  |TS  0|AC  0|TAMS 0x00000006c9900000, 0x00000006c9900000|
| 126|0x00000006c9a00000, 0x00000006c9a00000, 0x00000006c9b00000|  0%| F|  |TS  0|AC  0|TAMS 0x00000006c9a00000, 0x00000006c9a00000|
| 127|0x00000006c9b00000, 0x00000006c9b00000, 0x00000006c9c00000|  0%| F|  |TS  0|AC  0|TAMS 0x00000006c9b00000, 0x00000006c9b00000|
| 128|0x00000006c9c00000, 0x00000006c9c00000, 0x00000006c9d00000|  0%| F|  |TS  0|AC  0|TAMS 0x00000006c9c00000, 0x00000006c9c00000|
| 129|0x00000006c9d00000, 0x00000006c9d00000, 0x00000006c9e00000|  0%| F|  |TS  0|AC  0|TAMS 0x00000006c9d00000, 0x00000006c9d00000|
| 130|0x00000006c9e00000, 0x00000006c9e00000, 0x00000006c9f00000|  0%| F|  |TS  0|AC  0|TAMS 0x00000006c9e00000, 0x00000006c9e00000|
| 131|0x00000006c9f00000, 0x00000006c9f00000, 0x00000006ca000000|  0%| F|  |TS  0|AC  0|TAMS 0x00000006c9f00000, 0x00000006c9f00000|
| 132|0x00000006ca000000, 0x00000006ca000000, 0x00000006ca100000|  0%| F|  |TS  0|AC  0|TAMS 0x00000006ca000000, 0x00000006ca000000|
| 133|0x00000006ca100000, 0x00000006ca100000, 0x00000006ca200000|  0%| F|  |TS  0|AC  0|TAMS 0x00000006ca100000, 0x00000006ca100000|
| 134|0x00000006ca200000, 0x00000006ca200000, 0x00000006ca300000|  0%| F|  |TS  0|AC  0|TAMS 0x00000006ca200000, 0x00000006ca200000|
| 135|0x00000006ca300000, 0x00000006ca300000, 0x00000006ca400000|  0%| F|  |TS  0|AC  0|TAMS 0x00000006ca300000, 0x00000006ca300000|
| 136|0x00000006ca400000, 0x00000006ca400000, 0x00000006ca500000|  0%| F|  |TS  0|AC  0|TAMS 0x00000006ca400000, 0x00000006ca400000|
| 137|0x00000006ca500000, 0x00000006ca500000, 0x00000006ca600000|  0%| F|  |TS  0|AC  0|TAMS 0x00000006ca500000, 0x00000006ca500000|
| 138|0x00000006ca600000, 0x00000006ca600000, 0x00000006ca700000|  0%| F|  |TS  0|AC  0|TAMS 0x00000006ca600000, 0x00000006ca600000|
| 139|0x00000006ca700000, 0x00000006ca700000, 0x00000006ca800000|  0%| F|  |TS  0|AC  0|TAMS 0x00000006ca700000, 0x00000006ca700000|
| 140|0x00000006ca800000, 0x00000006ca800000, 0x00000006ca900000|  0%| F|  |TS  0|AC  0|TAMS 0x00000006ca800000, 0x00000006ca800000|
| 141|0x00000006ca900000, 0x00000006ca900000, 0x00000006caa00000|  0%| F|  |TS  0|AC  0|TAMS 0x00000006ca900000, 0x00000006ca900000|
| 142|0x00000006caa00000, 0x00000006caa00000, 0x00000006cab00000|  0%| F|  |TS  0|AC  0|TAMS 0x00000006caa00000, 0x00000006caa00000|
| 143|0x00000006cab00000, 0x00000006cab00000, 0x00000006cac00000|  0%| F|  |TS  0|AC  0|TAMS 0x00000006cab00000, 0x00000006cab00000|
| 144|0x00000006cac00000, 0x00000006cac00000, 0x00000006cad00000|  0%| F|  |TS  0|AC  0|TAMS 0x00000006cac00000, 0x00000006cac00000|
| 145|0x00000006cad00000, 0x00000006cad00000, 0x00000006cae00000|  0%| F|  |TS  0|AC  0|TAMS 0x00000006cad00000, 0x00000006cad00000|
| 146|0x00000006cae00000, 0x00000006cae00000, 0x00000006caf00000|  0%| F|  |TS  0|AC  0|TAMS 0x00000006cae00000, 0x00000006cae00000|
| 147|0x00000006caf00000, 0x00000006caf00000, 0x00000006cb000000|  0%| F|  |TS  0|AC  0|TAMS 0x00000006caf00000, 0x00000006caf00000|
| 148|0x00000006cb000000, 0x00000006cb000000, 0x00000006cb100000|  0%| F|  |TS  0|AC  0|TAMS 0x00000006cb000000, 0x00000006cb000000|
| 149|0x00000006cb100000, 0x00000006cb100000, 0x00000006cb200000|  0%| F|  |TS  0|AC  0|TAMS 0x00000006cb100000, 0x00000006cb100000|
| 150|0x00000006cb200000, 0x00000006cb200000, 0x00000006cb300000|  0%| F|  |TS  0|AC  0|TAMS 0x00000006cb200000, 0x00000006cb200000|
| 151|0x00000006cb300000, 0x00000006cb300000, 0x00000006cb400000|  0%| F|  |TS  0|AC  0|TAMS 0x00000006cb300000, 0x00000006cb300000|
| 152|0x00000006cb400000, 0x00000006cb400000, 0x00000006cb500000|  0%| F|  |TS  0|AC  0|TAMS 0x00000006cb400000, 0x00000006cb400000|
| 153|0x00000006cb500000, 0x00000006cb500000, 0x00000006cb600000|  0%| F|  |TS  0|AC  0|TAMS 0x00000006cb500000, 0x00000006cb500000|
| 154|0x00000006cb600000, 0x00000006cb600000, 0x00000006cb700000|  0%| F|  |TS  0|AC  0|TAMS 0x00000006cb600000, 0x00000006cb600000|
| 155|0x00000006cb700000, 0x00000006cb700000, 0x00000006cb800000|  0%| F|  |TS  0|AC  0|TAMS 0x00000006cb700000, 0x00000006cb700000|
| 156|0x00000006cb800000, 0x00000006cb800000, 0x00000006cb900000|  0%| F|  |TS  0|AC  0|TAMS 0x00000006cb800000, 0x00000006cb800000|
| 157|0x00000006cb900000, 0x00000006cb900000, 0x00000006cba00000|  0%| F|  |TS  0|AC  0|TAMS 0x00000006cb900000, 0x00000006cb900000|
| 158|0x00000006cba00000, 0x00000006cba00000, 0x00000006cbb00000|  0%| F|  |TS  0|AC  0|TAMS 0x00000006cba00000, 0x00000006cba00000|
| 159|0x00000006cbb00000, 0x00000006cbb00000, 0x00000006cbc00000|  0%| F|  |TS  0|AC  0|TAMS 0x00000006cbb00000, 0x00000006cbb00000|
| 160|0x00000006cbc00000, 0x00000006cbc00000, 0x00000006cbd00000|  0%| F|  |TS  0|AC  0|TAMS 0x00000006cbc00000, 0x00000006cbc00000|
| 161|0x00000006cbd00000, 0x00000006cbd00000, 0x00000006cbe00000|  0%| F|  |TS  0|AC  0|TAMS 0x00000006cbd00000, 0x00000006cbd00000|
| 162|0x00000006cbe00000, 0x00000006cbe00000, 0x00000006cbf00000|  0%| F|  |TS  0|AC  0|TAMS 0x00000006cbe00000, 0x00000006cbe00000|
| 163|0x00000006cbf00000, 0x00000006cbf00000, 0x00000006cc000000|  0%| F|  |TS  0|AC  0|TAMS 0x00000006cbf00000, 0x00000006cbf00000|
| 164|0x00000006cc000000, 0x00000006cc000000, 0x00000006cc100000|  0%| F|  |TS  0|AC  0|TAMS 0x00000006cc000000, 0x00000006cc000000|
| 165|0x00000006cc100000, 0x00000006cc100000, 0x00000006cc200000|  0%| F|  |TS  0|AC  0|TAMS 0x00000006cc100000, 0x00000006cc100000|
| 166|0x00000006cc200000, 0x00000006cc200000, 0x00000006cc300000|  0%| F|  |TS  0|AC  0|TAMS 0x00000006cc200000, 0x00000006cc200000|
| 167|0x00000006cc300000, 0x00000006cc300000, 0x00000006cc400000|  0%| F|  |TS  0|AC  0|TAMS 0x00000006cc300000, 0x00000006cc300000|
| 168|0x00000006cc400000, 0x00000006cc400000, 0x00000006cc500000|  0%| F|  |TS  0|AC  0|TAMS 0x00000006cc400000, 0x00000006cc400000|
| 169|0x00000006cc500000, 0x00000006cc500000, 0x00000006cc600000|  0%| F|  |TS  0|AC  0|TAMS 0x00000006cc500000, 0x00000006cc500000|
| 170|0x00000006cc600000, 0x00000006cc600000, 0x00000006cc700000|  0%| F|  |TS  0|AC  0|TAMS 0x00000006cc600000, 0x00000006cc600000|
| 171|0x00000006cc700000, 0x00000006cc700000, 0x00000006cc800000|  0%| F|  |TS  0|AC  0|TAMS 0x00000006cc700000, 0x00000006cc700000|
| 172|0x00000006cc800000, 0x00000006cc800000, 0x00000006cc900000|  0%| F|  |TS  0|AC  0|TAMS 0x00000006cc800000, 0x00000006cc800000|
| 173|0x00000006cc900000, 0x00000006cc900000, 0x00000006cca00000|  0%| F|  |TS  0|AC  0|TAMS 0x00000006cc900000, 0x00000006cc900000|
| 174|0x00000006cca00000, 0x00000006cca00000, 0x00000006ccb00000|  0%| F|  |TS  0|AC  0|TAMS 0x00000006cca00000, 0x00000006cca00000|
| 175|0x00000006ccb00000, 0x00000006ccb00000, 0x00000006ccc00000|  0%| F|  |TS  0|AC  0|TAMS 0x00000006ccb00000, 0x00000006ccb00000|
| 176|0x00000006ccc00000, 0x00000006ccc00000, 0x00000006ccd00000|  0%| F|  |TS  0|AC  0|TAMS 0x00000006ccc00000, 0x00000006ccc00000|
| 177|0x00000006ccd00000, 0x00000006ccd00000, 0x00000006cce00000|  0%| F|  |TS  0|AC  0|TAMS 0x00000006ccd00000, 0x00000006ccd00000|
| 178|0x00000006cce00000, 0x00000006cce00000, 0x00000006ccf00000|  0%| F|  |TS  0|AC  0|TAMS 0x00000006cce00000, 0x00000006cce00000|
| 179|0x00000006ccf00000, 0x00000006ccf00000, 0x00000006cd000000|  0%| F|  |TS  0|AC  0|TAMS 0x00000006ccf00000, 0x00000006ccf00000|
| 180|0x00000006cd000000, 0x00000006cd000000, 0x00000006cd100000|  0%| F|  |TS  0|AC  0|TAMS 0x00000006cd000000, 0x00000006cd000000|
| 181|0x00000006cd100000, 0x00000006cd100000, 0x00000006cd200000|  0%| F|  |TS  0|AC  0|TAMS 0x00000006cd100000, 0x00000006cd100000|
| 182|0x00000006cd200000, 0x00000006cd200000, 0x00000006cd300000|  0%| F|  |TS  0|AC  0|TAMS 0x00000006cd200000, 0x00000006cd200000|
| 183|0x00000006cd300000, 0x00000006cd300000, 0x00000006cd400000|  0%| F|  |TS  0|AC  0|TAMS 0x00000006cd300000, 0x00000006cd300000|
| 184|0x00000006cd400000, 0x00000006cd400000, 0x00000006cd500000|  0%| F|  |TS  0|AC  0|TAMS 0x00000006cd400000, 0x00000006cd400000|
| 185|0x00000006cd500000, 0x00000006cd500000, 0x00000006cd600000|  0%| F|  |TS  0|AC  0|TAMS 0x00000006cd500000, 0x00000006cd500000|
| 186|0x00000006cd600000, 0x00000006cd600000, 0x00000006cd700000|  0%| F|  |TS  0|AC  0|TAMS 0x00000006cd600000, 0x00000006cd600000|
| 187|0x00000006cd700000, 0x00000006cd700000, 0x00000006cd800000|  0%| F|  |TS  0|AC  0|TAMS 0x00000006cd700000, 0x00000006cd700000|
| 188|0x00000006cd800000, 0x00000006cd800000, 0x00000006cd900000|  0%| F|  |TS  0|AC  0|TAMS 0x00000006cd800000, 0x00000006cd800000|
| 189|0x00000006cd900000, 0x00000006cd900000, 0x00000006cda00000|  0%| F|  |TS  0|AC  0|TAMS 0x00000006cd900000, 0x00000006cd900000|
| 190|0x00000006cda00000, 0x00000006cda00000, 0x00000006cdb00000|  0%| F|  |TS  0|AC  0|TAMS 0x00000006cda00000, 0x00000006cda00000|
| 191|0x00000006cdb00000, 0x00000006cdb00000, 0x00000006cdc00000|  0%| F|  |TS  0|AC  0|TAMS 0x00000006cdb00000, 0x00000006cdb00000|
| 192|0x00000006cdc00000, 0x00000006cdc00000, 0x00000006cdd00000|  0%| F|  |TS  0|AC  0|TAMS 0x00000006cdc00000, 0x00000006cdc00000|
| 193|0x00000006cdd00000, 0x00000006cdd00000, 0x00000006cde00000|  0%| F|  |TS  0|AC  0|TAMS 0x00000006cdd00000, 0x00000006cdd00000|
| 194|0x00000006cde00000, 0x00000006cde00000, 0x00000006cdf00000|  0%| F|  |TS  0|AC  0|TAMS 0x00000006cde00000, 0x00000006cde00000|
| 195|0x00000006cdf00000, 0x00000006cdf00000, 0x00000006ce000000|  0%| F|  |TS  0|AC  0|TAMS 0x00000006cdf00000, 0x00000006cdf00000|
| 196|0x00000006ce000000, 0x00000006ce000000, 0x00000006ce100000|  0%| F|  |TS  0|AC  0|TAMS 0x00000006ce000000, 0x00000006ce000000|
| 197|0x00000006ce100000, 0x00000006ce100000, 0x00000006ce200000|  0%| F|  |TS  0|AC  0|TAMS 0x00000006ce100000, 0x00000006ce100000|
| 198|0x00000006ce200000, 0x00000006ce200000, 0x00000006ce300000|  0%| F|  |TS  0|AC  0|TAMS 0x00000006ce200000, 0x00000006ce200000|
| 199|0x00000006ce300000, 0x00000006ce300000, 0x00000006ce400000|  0%| F|  |TS  0|AC  0|TAMS 0x00000006ce300000, 0x00000006ce300000|
| 200|0x00000006ce400000, 0x00000006ce400000, 0x00000006ce500000|  0%| F|  |TS  0|AC  0|TAMS 0x00000006ce400000, 0x00000006ce400000|
| 201|0x00000006ce500000, 0x00000006ce500000, 0x00000006ce600000|  0%| F|  |TS  0|AC  0|TAMS 0x00000006ce500000, 0x00000006ce500000|
| 202|0x00000006ce600000, 0x00000006ce600000, 0x00000006ce700000|  0%| F|  |TS  0|AC  0|TAMS 0x00000006ce600000, 0x00000006ce600000|
| 203|0x00000006ce700000, 0x00000006ce700000, 0x00000006ce800000|  0%| F|  |TS  0|AC  0|TAMS 0x00000006ce700000, 0x00000006ce700000|
| 204|0x00000006ce800000, 0x00000006ce800000, 0x00000006ce900000|  0%| F|  |TS  0|AC  0|TAMS 0x00000006ce800000, 0x00000006ce800000|
| 205|0x00000006ce900000, 0x00000006ce900000, 0x00000006cea00000|  0%| F|  |TS  0|AC  0|TAMS 0x00000006ce900000, 0x00000006ce900000|
| 206|0x00000006cea00000, 0x00000006cea00000, 0x00000006ceb00000|  0%| F|  |TS  0|AC  0|TAMS 0x00000006cea00000, 0x00000006cea00000|
| 207|0x00000006ceb00000, 0x00000006ceb00000, 0x00000006cec00000|  0%| F|  |TS  0|AC  0|TAMS 0x00000006ceb00000, 0x00000006ceb00000|
| 208|0x00000006cec00000, 0x00000006cec00000, 0x00000006ced00000|  0%| F|  |TS  0|AC  0|TAMS 0x00000006cec00000, 0x00000006cec00000|
| 209|0x00000006ced00000, 0x00000006ced00000, 0x00000006cee00000|  0%| F|  |TS  0|AC  0|TAMS 0x00000006ced00000, 0x00000006ced00000|
| 210|0x00000006cee00000, 0x00000006cee00000, 0x00000006cef00000|  0%| F|  |TS  0|AC  0|TAMS 0x00000006cee00000, 0x00000006cee00000|
| 211|0x00000006cef00000, 0x00000006cef00000, 0x00000006cf000000|  0%| F|  |TS  0|AC  0|TAMS 0x00000006cef00000, 0x00000006cef00000|
| 212|0x00000006cf000000, 0x00000006cf000000, 0x00000006cf100000|  0%| F|  |TS  0|AC  0|TAMS 0x00000006cf000000, 0x00000006cf000000|
| 213|0x00000006cf100000, 0x00000006cf100000, 0x00000006cf200000|  0%| F|  |TS  0|AC  0|TAMS 0x00000006cf100000, 0x00000006cf100000|
| 214|0x00000006cf200000, 0x00000006cf200000, 0x00000006cf300000|  0%| F|  |TS  0|AC  0|TAMS 0x00000006cf200000, 0x00000006cf200000|
| 215|0x00000006cf300000, 0x00000006cf300000, 0x00000006cf400000|  0%| F|  |TS  0|AC  0|TAMS 0x00000006cf300000, 0x00000006cf300000|
| 216|0x00000006cf400000, 0x00000006cf400000, 0x00000006cf500000|  0%| F|  |TS  0|AC  0|TAMS 0x00000006cf400000, 0x00000006cf400000|
| 217|0x00000006cf500000, 0x00000006cf500000, 0x00000006cf600000|  0%| F|  |TS  0|AC  0|TAMS 0x00000006cf500000, 0x00000006cf500000|
| 218|0x00000006cf600000, 0x00000006cf600000, 0x00000006cf700000|  0%| F|  |TS  0|AC  0|TAMS 0x00000006cf600000, 0x00000006cf600000|
| 219|0x00000006cf700000, 0x00000006cf700000, 0x00000006cf800000|  0%| F|  |TS  0|AC  0|TAMS 0x00000006cf700000, 0x00000006cf700000|
| 220|0x00000006cf800000, 0x00000006cf800000, 0x00000006cf900000|  0%| F|  |TS  0|AC  0|TAMS 0x00000006cf800000, 0x00000006cf800000|
| 221|0x00000006cf900000, 0x00000006cf900000, 0x00000006cfa00000|  0%| F|  |TS  0|AC  0|TAMS 0x00000006cf900000, 0x00000006cf900000|
| 222|0x00000006cfa00000, 0x00000006cfa00000, 0x00000006cfb00000|  0%| F|  |TS  0|AC  0|TAMS 0x00000006cfa00000, 0x00000006cfa00000|
| 223|0x00000006cfb00000, 0x00000006cfb00000, 0x00000006cfc00000|  0%| F|  |TS  0|AC  0|TAMS 0x00000006cfb00000, 0x00000006cfb00000|
| 224|0x00000006cfc00000, 0x00000006cfc00000, 0x00000006cfd00000|  0%| F|  |TS  0|AC  0|TAMS 0x00000006cfc00000, 0x00000006cfc00000|
| 225|0x00000006cfd00000, 0x00000006cfd00000, 0x00000006cfe00000|  0%| F|  |TS  0|AC  0|TAMS 0x00000006cfd00000, 0x00000006cfd00000|
| 226|0x00000006cfe00000, 0x00000006cfe00000, 0x00000006cff00000|  0%| F|  |TS  0|AC  0|TAMS 0x00000006cfe00000, 0x00000006cfe00000|
| 227|0x00000006cff00000, 0x00000006cff00000, 0x00000006d0000000|  0%| F|  |TS  0|AC  0|TAMS 0x00000006cff00000, 0x00000006cff00000|
| 228|0x00000006d0000000, 0x00000006d0000000, 0x00000006d0100000|  0%| F|  |TS  0|AC  0|TAMS 0x00000006d0000000, 0x00000006d0000000|
| 229|0x00000006d0100000, 0x00000006d0200000, 0x00000006d0200000|100%| S|CS|TS  1|AC  0|TAMS 0x00000006d0100000, 0x00000006d0100000|
| 230|0x00000006d0200000, 0x00000006d0300000, 0x00000006d0300000|100%| S|CS|TS  1|AC  0|TAMS 0x00000006d0200000, 0x00000006d0200000|
| 231|0x00000006d0300000, 0x00000006d0400000, 0x00000006d0400000|100%| S|CS|TS  1|AC  0|TAMS 0x00000006d0300000, 0x00000006d0300000|
| 232|0x00000006d0400000, 0x00000006d0400000, 0x00000006d0500000|  0%| F|  |TS  1|AC  0|TAMS 0x00000006d0400000, 0x00000006d0400000|
| 233|0x00000006d0500000, 0x00000006d0500000, 0x00000006d0600000|  0%| F|  |TS  1|AC  0|TAMS 0x00000006d0500000, 0x00000006d0500000|
| 234|0x00000006d0600000, 0x00000006d0600000, 0x00000006d0700000|  0%| F|  |TS  1|AC  0|TAMS 0x00000006d0600000, 0x00000006d0600000|
| 235|0x00000006d0700000, 0x00000006d0700000, 0x00000006d0800000|  0%| F|  |TS  1|AC  0|TAMS 0x00000006d0700000, 0x00000006d0700000|
| 236|0x00000006d0800000, 0x00000006d0800000, 0x00000006d0900000|  0%| F|  |TS  1|AC  0|TAMS 0x00000006d0800000, 0x00000006d0800000|
| 237|0x00000006d0900000, 0x00000006d0900000, 0x00000006d0a00000|  0%| F|  |TS  1|AC  0|TAMS 0x00000006d0900000, 0x00000006d0900000|
| 238|0x00000006d0a00000, 0x00000006d0a00000, 0x00000006d0b00000|  0%| F|  |TS  1|AC  0|TAMS 0x00000006d0a00000, 0x00000006d0a00000|
| 239|0x00000006d0b00000, 0x00000006d0b00000, 0x00000006d0c00000|  0%| F|  |TS  1|AC  0|TAMS 0x00000006d0b00000, 0x00000006d0b00000|
| 240|0x00000006d0c00000, 0x00000006d0c00000, 0x00000006d0d00000|  0%| F|  |TS  1|AC  0|TAMS 0x00000006d0c00000, 0x00000006d0c00000|
| 241|0x00000006d0d00000, 0x00000006d0d00000, 0x00000006d0e00000|  0%| F|  |TS  1|AC  0|TAMS 0x00000006d0d00000, 0x00000006d0d00000|
| 242|0x00000006d0e00000, 0x00000006d0e00000, 0x00000006d0f00000|  0%| F|  |TS  1|AC  0|TAMS 0x00000006d0e00000, 0x00000006d0e00000|
| 243|0x00000006d0f00000, 0x00000006d0f00000, 0x00000006d1000000|  0%| F|  |TS  1|AC  0|TAMS 0x00000006d0f00000, 0x00000006d0f00000|
| 244|0x00000006d1000000, 0x00000006d1000000, 0x00000006d1100000|  0%| F|  |TS  1|AC  0|TAMS 0x00000006d1000000, 0x00000006d1000000|
| 245|0x00000006d1100000, 0x00000006d1200000, 0x00000006d1200000|100%| E|  |TS  1|AC  0|TAMS 0x00000006d1100000, 0x00000006d1100000|
| 246|0x00000006d1200000, 0x00000006d1300000, 0x00000006d1300000|100%| E|CS|TS  1|AC  0|TAMS 0x00000006d1200000, 0x00000006d1200000|
| 247|0x00000006d1300000, 0x00000006d1400000, 0x00000006d1400000|100%| E|CS|TS  1|AC  0|TAMS 0x00000006d1300000, 0x00000006d1300000|
| 248|0x00000006d1400000, 0x00000006d1500000, 0x00000006d1500000|100%| E|CS|TS  1|AC  0|TAMS 0x00000006d1400000, 0x00000006d1400000|
| 249|0x00000006d1500000, 0x00000006d1600000, 0x00000006d1600000|100%| E|CS|TS  1|AC  0|TAMS 0x00000006d1500000, 0x00000006d1500000|
| 250|0x00000006d1600000, 0x00000006d1700000, 0x00000006d1700000|100%| E|CS|TS  1|AC  0|TAMS 0x00000006d1600000, 0x00000006d1600000|
| 251|0x00000006d1700000, 0x00000006d1800000, 0x00000006d1800000|100%| E|CS|TS  1|AC  0|TAMS 0x00000006d1700000, 0x00000006d1700000|
| 252|0x00000006d1800000, 0x00000006d1900000, 0x00000006d1900000|100%| E|CS|TS  1|AC  0|TAMS 0x00000006d1800000, 0x00000006d1800000|
| 253|0x00000006d1900000, 0x00000006d1a00000, 0x00000006d1a00000|100%| E|CS|TS  1|AC  0|TAMS 0x00000006d1900000, 0x00000006d1900000|
| 254|0x00000006d1a00000, 0x00000006d1b00000, 0x00000006d1b00000|100%| E|CS|TS  1|AC  0|TAMS 0x00000006d1a00000, 0x00000006d1a00000|
| 255|0x00000006d1b00000, 0x00000006d1c00000, 0x00000006d1c00000|100%| E|CS|TS  1|AC  0|TAMS 0x00000006d1b00000, 0x00000006d1b00000|

Card table byte_map: [0x0000013ecb990000,0x0000013ecc190000] byte_map_base: 0x0000013ec8382000

Marking Bits (Prev, Next): (CMBitMap*) 0x0000013ed49382f0, (CMBitMap*) 0x0000013ed4938328
 Prev Bits: [0x0000013ecc990000, 0x0000013ed0920000)
 Next Bits: [0x0000013ed0920000, 0x0000013ed48b0000)

Polling page: 0x0000013eaee90000

CodeHeap 'non-profiled nmethods': size=120000Kb used=563Kb max_used=563Kb free=119436Kb
 bounds [0x0000013ec2af0000, 0x0000013ec2d60000, 0x0000013eca020000]
CodeHeap 'profiled nmethods': size=120000Kb used=2769Kb max_used=2769Kb free=117230Kb
 bounds [0x0000013ebb5c0000, 0x0000013ebb880000, 0x0000013ec2af0000]
CodeHeap 'non-nmethods': size=5760Kb used=1346Kb max_used=1371Kb free=4413Kb
 bounds [0x0000013ebb020000, 0x0000013ebb290000, 0x0000013ebb5c0000]
 total_blobs=2294 nmethods=1451 adapters=475
 compilation: enabled

Compilation events (10 events):
Event: 2.064 Thread 0x0000013ed7dbe000 1449   !   3       sun.awt.PostEventQueue::flush (168 bytes)
Event: 2.065 Thread 0x0000013ed7dbe000 nmethod 1449 0x0000013ebb870f10 code [0x0000013ebb8711c0, 0x0000013ebb8723f0]
Event: 2.065 Thread 0x0000013ed7dbe000 1448       3       sun.awt.SunToolkit::flushPendingEvents (19 bytes)
Event: 2.065 Thread 0x0000013ed7dbe000 nmethod 1448 0x0000013ebb872a10 code [0x0000013ebb872be0, 0x0000013ebb872f40]
Event: 2.474 Thread 0x0000013ed7dbe000 1451  s    3       java.awt.KeyboardFocusManager::getCurrentKeyboardFocusManager (32 bytes)
Event: 2.475 Thread 0x0000013ed7dbe000 nmethod 1451 0x0000013ebb873090 code [0x0000013ebb873280, 0x0000013ebb873870]
Event: 2.475 Thread 0x0000013ed7dbe000 1452       3       java.awt.KeyboardFocusManager::getCurrentKeyboardFocusManager (7 bytes)
Event: 2.476 Thread 0x0000013ed7dbe000 nmethod 1452 0x0000013ebb873990 code [0x0000013ebb873ba0, 0x0000013ebb874240]
Event: 2.476 Thread 0x0000013ed7dbe000 1453       1       java.awt.Component::isEnabledImpl (5 bytes)
Event: 2.476 Thread 0x0000013ed7dbe000 nmethod 1453 0x0000013ec2b7cb90 code [0x0000013ec2b7cd40, 0x0000013ec2b7ce58]

GC Heap History (2 events):
Event: 0.996 GC heap before
{Heap before GC invocations=0 (full 0):
 garbage-first heap   total 262144K, used 24576K [0x00000006c1c00000, 0x00000006c1d00800, 0x00000007c0000000)
  region size 1024K, 24 young (24576K), 0 survivors (0K)
 Metaspace       used 12643K, capacity 12986K, committed 13184K, reserved 1060864K
  class space    used 1279K, capacity 1371K, committed 1408K, reserved 1048576K
}
Event: 1.002 GC heap after
{Heap after GC invocations=1 (full 0):
 garbage-first heap   total 262144K, used 4607K [0x00000006c1c00000, 0x00000006c1d00800, 0x00000007c0000000)
  region size 1024K, 3 young (3072K), 3 survivors (3072K)
 Metaspace       used 12643K, capacity 12986K, committed 13184K, reserved 1060864K
  class space    used 1279K, capacity 1371K, committed 1408K, reserved 1048576K
}

Deoptimization events (10 events):
Event: 0.702 Thread 0x0000013eaef0a000 Uncommon trap: reason=unstable_if action=reinterpret pc=0x0000013ec2b25fc0 method=java.util.HashMap.getNode(ILjava/lang/Object;)Ljava/util/HashMap$Node; @ 129 c2
Event: 0.789 Thread 0x0000013eaef0a000 Uncommon trap: reason=unstable_if action=reinterpret pc=0x0000013ec2b2dbb0 method=sun.reflect.generics.parser.SignatureParser.current()C @ 39 c2
Event: 1.003 Thread 0x0000013ed935d800 Uncommon trap: reason=unstable_if action=reinterpret pc=0x0000013ec2b47234 method=java.util.concurrent.ConcurrentHashMap.get(Ljava/lang/Object;)Ljava/lang/Object; @ 152 c2
Event: 1.043 Thread 0x0000013ed8139800 Uncommon trap: reason=unstable_if action=reinterpret pc=0x0000013ec2b20658 method=java.lang.AbstractStringBuilder.append(Ljava/lang/String;)Ljava/lang/AbstractStringBuilder; @ 1 c2
Event: 1.216 Thread 0x0000013ed8139800 Uncommon trap: reason=unstable_if action=reinterpret pc=0x0000013ec2b1e0ec method=java.lang.String.startsWith(Ljava/lang/String;I)Z @ 1 c2
Event: 1.222 Thread 0x0000013ed8139800 Uncommon trap: reason=unstable_if action=reinterpret pc=0x0000013ec2b34270 method=java.util.HashMap.hash(Ljava/lang/Object;)I @ 1 c2
Event: 1.236 Thread 0x0000013ed935d800 Uncommon trap: reason=class_check action=maybe_recompile pc=0x0000013ec2b2cf18 method=java.util.HashMap.putVal(ILjava/lang/Object;Ljava/lang/Object;ZZ)Ljava/lang/Object; @ 203 c2
Event: 1.236 Thread 0x0000013ed935d800 Uncommon trap: reason=class_check action=maybe_recompile pc=0x0000013ec2b2cf18 method=java.util.HashMap.putVal(ILjava/lang/Object;Ljava/lang/Object;ZZ)Ljava/lang/Object; @ 203 c2
Event: 1.236 Thread 0x0000013ed935d800 Uncommon trap: reason=class_check action=maybe_recompile pc=0x0000013ec2b2cf18 method=java.util.HashMap.putVal(ILjava/lang/Object;Ljava/lang/Object;ZZ)Ljava/lang/Object; @ 203 c2
Event: 1.295 Thread 0x0000013ed8139800 Uncommon trap: reason=unstable_if action=reinterpret pc=0x0000013ec2b1e764 method=java.lang.StringUTF16.compress([CI[BII)I @ 20 c2

Classes redefined (0 events):
No events

Internal exceptions (10 events):
Event: 1.214 Thread 0x0000013ed8139800 Exception <a 'java/lang/ClassNotFoundException'{0x00000006d1672c50}: com/sun/swing/internal/plaf/metal/resources/spi/metalProvider> (0x00000006d1672c50) thrown at [t:/workspace/hotspot/src/share/vm/classfile/systemDictionary.cpp, line 218]
Event: 1.215 Thread 0x0000013ed8139800 Exception <a 'java/lang/ClassNotFoundException'{0x00000006d16797d8}: com/sun/swing/internal/plaf/basic/resources/spi/basicProvider> (0x00000006d16797d8) thrown at [t:/workspace/hotspot/src/share/vm/classfile/systemDictionary.cpp, line 218]
Event: 1.222 Thread 0x0000013ed8139800 Implicit null exception at 0x0000013ec2b341d8 to 0x0000013ec2b34266
Event: 1.312 Thread 0x0000013ed8139800 Exception <a 'java/lang/NoSuchMethodError'{0x00000006d1378608}: java.lang.invoke.DirectMethodHandle$Holder.invokeStatic(Ljava/lang/Object;Ljava/lang/Object;Ljava/lang/Object;Ljava/lang/Object;Ljava/lang/Object;Ljava/lang/Object;Ljava/lang/Object;Ljava/lan
Event: 1.314 Thread 0x0000013ed8139800 Exception <a 'java/lang/NoSuchMethodError'{0x00000006d1398318}: java.lang.invoke.DirectMethodHandle$Holder.invokeStatic(Ljava/lang/Object;Ljava/lang/Object;Ljava/lang/Object;Ljava/lang/Object;Ljava/lang/Object;Ljava/lang/Object;Ljava/lang/Object;Ljava/lan
Event: 1.316 Thread 0x0000013ed8139800 Exception <a 'java/lang/NoSuchMethodError'{0x00000006d13b8bc0}: java.lang.invoke.DirectMethodHandle$Holder.invokeStatic(Ljava/lang/Object;Ljava/lang/Object;Ljava/lang/Object;Ljava/lang/Object;Ljava/lang/Object;Ljava/lang/Object;Ljava/lang/Object;Ljava/lan
Event: 1.353 Thread 0x0000013ed937e800 Exception <a 'java/io/FileNotFoundException'{0x00000006d12849c8}> (0x00000006d12849c8) thrown at [t:/workspace/hotspot/src/share/vm/prims/jni.cpp, line 604]
Event: 1.354 Thread 0x0000013ed937e800 Exception <a 'java/lang/NoSuchMethodError'{0x00000006d1285ca8}: method resolution failed> (0x00000006d1285ca8) thrown at [t:/workspace/hotspot/src/share/vm/prims/methodHandles.cpp, line 1256]
Event: 1.356 Thread 0x0000013ed937e800 Exception <a 'java/lang/NoSuchMethodError'{0x00000006d128dc38}: method resolution failed> (0x00000006d128dc38) thrown at [t:/workspace/hotspot/src/share/vm/prims/methodHandles.cpp, line 1256]
Event: 1.387 Thread 0x0000013ed8139800 Exception <a 'java/lang/NoSuchMethodError'{0x00000006d1109cc0}: java.lang.invoke.DirectMethodHandle$Holder.invokeStatic(Ljava/lang/Object;Ljava/lang/Object;Ljava/lang/Object;Ljava/lang/Object;Ljava/lang/Object;Ljava/lang/Object;Ljava/lang/Object;Ljava/lan

Events (10 events):
Event: 1.498 loading class java/text/AttributedString
Event: 1.498 loading class java/text/AttributedString done
Event: 1.498 loading class java/text/AttributedString$AttributedStringIterator
Event: 1.498 loading class java/text/AttributedCharacterIterator
Event: 1.499 loading class java/text/CharacterIterator
Event: 1.499 loading class java/text/CharacterIterator done
Event: 1.499 loading class java/text/AttributedCharacterIterator done
Event: 1.499 loading class java/text/AttributedString$AttributedStringIterator done
Event: 3.240 loading class gnu/io/SerialPortEvent
Event: 3.240 loading class gnu/io/SerialPortEvent done


Dynamic libraries:
0x00007ff603cc0000 - 0x00007ff603cfe000 	C:\Program Files\Java\jdk-9.0.1\bin\java.exe
0x00007ffb1d8c0000 - 0x00007ffb1daa1000 	C:\WINDOWS\SYSTEM32\ntdll.dll
0x00007ffb1cb40000 - 0x00007ffb1cbf2000 	C:\WINDOWS\System32\KERNEL32.DLL
0x00007ffb1a930000 - 0x00007ffb1aba3000 	C:\WINDOWS\System32\KERNELBASE.dll
0x00007ffb1d600000 - 0x00007ffb1d6a1000 	C:\WINDOWS\System32\ADVAPI32.dll
0x00007ffb1d490000 - 0x00007ffb1d52e000 	C:\WINDOWS\System32\msvcrt.dll
0x00007ffb1c350000 - 0x00007ffb1c3ab000 	C:\WINDOWS\System32\sechost.dll
0x00007ffb1c3e0000 - 0x00007ffb1c504000 	C:\WINDOWS\System32\RPCRT4.dll
0x00007ffb1ce40000 - 0x00007ffb1cfd0000 	C:\WINDOWS\System32\USER32.dll
0x00007ffb19db0000 - 0x00007ffb19dd0000 	C:\WINDOWS\System32\win32u.dll
0x00007ffb1d460000 - 0x00007ffb1d488000 	C:\WINDOWS\System32\GDI32.dll
0x00007ffb1abb0000 - 0x00007ffb1ad42000 	C:\WINDOWS\System32\gdi32full.dll
0x00007ffb19d10000 - 0x00007ffb19daf000 	C:\WINDOWS\System32\msvcp_win.dll
0x00007ffb1a830000 - 0x00007ffb1a92a000 	C:\WINDOWS\System32\ucrtbase.dll
0x00007ffb0ad40000 - 0x00007ffb0afa9000 	C:\WINDOWS\WinSxS\amd64_microsoft.windows.common-controls_6595b64144ccf1df_6.0.17134.112_none_fb3f961b30681c12\COMCTL32.dll
0x00007ffb15570000 - 0x00007ffb1557a000 	C:\WINDOWS\SYSTEM32\VERSION.dll
0x00007ffb1d130000 - 0x00007ffb1d453000 	C:\WINDOWS\System32\combase.dll
0x00007ffb19c90000 - 0x00007ffb19d0a000 	C:\WINDOWS\System32\bcryptPrimitives.dll
0x00007ffb1c3b0000 - 0x00007ffb1c3dd000 	C:\WINDOWS\System32\IMM32.DLL
0x00007ffb089b0000 - 0x00007ffb08a9f000 	C:\Program Files\Java\jdk-9.0.1\bin\msvcr120.dll
0x00007ffb0a180000 - 0x00007ffb0a226000 	C:\Program Files\Java\jdk-9.0.1\bin\msvcp120.dll
0x0000000073f80000 - 0x00000000749a4000 	C:\Program Files\Java\jdk-9.0.1\bin\server\jvm.dll
0x00007ffb1c600000 - 0x00007ffb1c608000 	C:\WINDOWS\System32\PSAPI.DLL
0x00007ffb0f650000 - 0x00007ffb0f659000 	C:\WINDOWS\SYSTEM32\WSOCK32.dll
0x00007ffb0c570000 - 0x00007ffb0c593000 	C:\WINDOWS\SYSTEM32\WINMM.dll
0x00007ffb1c610000 - 0x00007ffb1c67c000 	C:\WINDOWS\System32\WS2_32.dll
0x00007ffb0c540000 - 0x00007ffb0c56a000 	C:\WINDOWS\SYSTEM32\WINMMBASE.dll
0x00007ffb19dd0000 - 0x00007ffb19e19000 	C:\WINDOWS\System32\cfgmgr32.dll
0x00007ffb154e0000 - 0x00007ffb154ef000 	C:\Program Files\Java\jdk-9.0.1\bin\verify.dll
0x00007ffb0ed50000 - 0x00007ffb0ed77000 	C:\Program Files\Java\jdk-9.0.1\bin\java.dll
0x00007ffb0ec70000 - 0x00007ffb0ec9a000 	C:\Program Files\Java\jdk-9.0.1\bin\instrument.dll
0x00007ffb0ec00000 - 0x00007ffb0ec16000 	C:\Program Files\Java\jdk-9.0.1\bin\zip.dll
0x00007ffb15330000 - 0x00007ffb1533a000 	C:\Program Files\Java\jdk-9.0.1\bin\jimage.dll
0x00007ffb1ad50000 - 0x00007ffb1c190000 	C:\WINDOWS\System32\SHELL32.dll
0x00007ffb1d530000 - 0x00007ffb1d5d9000 	C:\WINDOWS\System32\shcore.dll
0x00007ffb19f30000 - 0x00007ffb1a63d000 	C:\WINDOWS\System32\windows.storage.dll
0x00007ffb1d6b0000 - 0x00007ffb1d701000 	C:\WINDOWS\System32\shlwapi.dll
0x00007ffb19c50000 - 0x00007ffb19c61000 	C:\WINDOWS\System32\kernel.appcore.dll
0x00007ffb19c30000 - 0x00007ffb19c4f000 	C:\WINDOWS\System32\profapi.dll
0x00007ffb19be0000 - 0x00007ffb19c2c000 	C:\WINDOWS\System32\powrprof.dll
0x00007ffb19bd0000 - 0x00007ffb19bda000 	C:\WINDOWS\System32\FLTLIB.DLL
0x00007ffb0b990000 - 0x00007ffb0b9aa000 	C:\Program Files\Java\jdk-9.0.1\bin\net.dll
0x00007ffb13000000 - 0x00007ffb130dd000 	C:\WINDOWS\SYSTEM32\WINHTTP.dll
0x00007ffb19450000 - 0x00007ffb194b6000 	C:\WINDOWS\system32\mswsock.dll
0x00007ffb0b950000 - 0x00007ffb0b961000 	C:\Program Files\Java\jdk-9.0.1\bin\nio.dll
0x00007ffb0a4a0000 - 0x00007ffb0a4ba000 	D:\Program Files\JetBrains\IntelliJ IDEA Community Edition 2018.1.5\bin\breakgen64.dll
0x00007ffae5250000 - 0x00007ffae53e9000 	C:\Program Files\Java\jdk-9.0.1\bin\awt.dll
0x00007ffb1c210000 - 0x00007ffb1c2d2000 	C:\WINDOWS\System32\OLEAUT32.dll
0x00007ffb16190000 - 0x00007ffb16757000 	C:\WINDOWS\SYSTEM32\d2d1.dll
0x00007ffb175a0000 - 0x00007ffb1762b000 	C:\WINDOWS\SYSTEM32\apphelp.dll
0x00007ffb17d40000 - 0x00007ffb17dd8000 	C:\WINDOWS\system32\uxtheme.dll
0x00007ffb1d710000 - 0x00007ffb1d885000 	C:\WINDOWS\System32\MSCTF.dll
0x00007ffb17f90000 - 0x00007ffb17fb9000 	C:\WINDOWS\system32\dwmapi.dll
0x00007ffb1cfd0000 - 0x00007ffb1d121000 	C:\WINDOWS\System32\ole32.dll
0x0000000180000000 - 0x0000000180025000 	D:\nerot\Documents\Git\Project4Her\Code\SaatBank\Client\lib\rxtxSerial.dll
0x00007ffaf7bc0000 - 0x00007ffaf7ce0000 	C:\WINDOWS\system32\opengl32.dll
0x00007ffaf7e80000 - 0x00007ffaf7eac000 	C:\WINDOWS\SYSTEM32\GLU32.dll
0x00007ffb08740000 - 0x00007ffb087dd000 	C:\Program Files\Java\jdk-9.0.1\bin\fontmanager.dll
0x00007ffb05980000 - 0x00007ffb05a18000 	C:\WINDOWS\System32\TextInputFramework.dll
0x00007ffb05bc0000 - 0x00007ffb05ede000 	C:\WINDOWS\System32\CoreUIComponents.dll
0x00007ffb16d10000 - 0x00007ffb16dea000 	C:\WINDOWS\System32\CoreMessaging.dll
0x00007ffb18dd0000 - 0x00007ffb18e01000 	C:\WINDOWS\SYSTEM32\ntmarta.dll
0x00007ffb158e0000 - 0x00007ffb15a2d000 	C:\WINDOWS\SYSTEM32\wintypes.dll
0x00007ffb091b0000 - 0x00007ffb091f2000 	C:\Program Files\Java\jdk-9.0.1\bin\t2k.dll
0x00007ffb185d0000 - 0x00007ffb18799000 	C:\WINDOWS\SYSTEM32\dbghelp.dll

VM Arguments:
jvm_args: -Djava.library.path=D:\nerot\Documents\Git\Project4Her\Code\SaatBank\Client\lib -javaagent:D:\Program Files\JetBrains\IntelliJ IDEA Community Edition 2018.1.5\lib\idea_rt.jar=64994:D:\Program Files\JetBrains\IntelliJ IDEA Community Edition 2018.1.5\bin -Dfile.encoding=UTF-8 
java_command: nl.hro.stkb.client.BankClient
java_class_path (initial): D:\nerot\Documents\Git\Project4Her\Code\SaatBank\Client\target\classes;D:\nerot\Documents\Git\Project4Her\Code\SaatBank\Client\lib\RXTXcomm.jar;C:\Users\nerot\.m2\repository\javax\ws\rs\javax.ws.rs-api\2.1-m05\javax.ws.rs-api-2.1-m05.jar;C:\Users\nerot\.m2\repository\org\glassfish\jersey\media\jersey-media-json-jackson\2.25.1\jersey-media-json-jackson-2.25.1.jar;C:\Users\nerot\.m2\repository\org\glassfish\jersey\core\jersey-common\2.25.1\jersey-common-2.25.1.jar;C:\Users\nerot\.m2\repository\javax\annotation\javax.annotation-api\1.2\javax.annotation-api-1.2.jar;C:\Users\nerot\.m2\repository\org\glassfish\jersey\bundles\repackaged\jersey-guava\2.25.1\jersey-guava-2.25.1.jar;C:\Users\nerot\.m2\repository\org\glassfish\hk2\osgi-resource-locator\1.0.1\osgi-resource-locator-1.0.1.jar;C:\Users\nerot\.m2\repository\org\glassfish\jersey\ext\jersey-entity-filtering\2.25.1\jersey-entity-filtering-2.25.1.jar;C:\Users\nerot\.m2\repository\com\fasterxml\jackson\jaxrs\jackson-jaxrs-base\2.8.4\jackson-jaxrs-base-2.8.4.jar;C:\Users\nerot\.m2\repository\com\fasterxml\jackson\core\jackson-core\2.8.4\jackson-core-2.8.4.jar;C:\Users\nerot\.m2\repository\com\fasterxml\jackson\core\jackson-databind\2.8.4\jackson-databind-2.8.4.jar;C:\Users\nerot\.m2\repository\com\fasterxml\jackson\jaxrs\jackson-jaxrs-json-provider\2.8.4\jackson-jaxrs-json-provider-2.8.4.jar;C:\Users\nerot\.m2\repository\com\fasterxml\jackson\module\jackson-module-jaxb-annotations\2.8.4\jackson-module-jaxb-annotations-2.8.4.jar;C:\Users\nerot\.m2\repository\com\fasterxml\jackson\core\jackson-annotations\2.8.4\jackson-annotations-2.8.4.jar;C:\Users\nerot\.m2\repository\org\glassfish\jersey\core\jersey-client\2.25.1\jersey-client-2.25.1.jar;C:\Users\nerot\.m2\repository\org\glassfish\hk2\hk2-api\2.5.0-b32\hk2-api-2.5.0-b32.jar;C:\Users\nerot\.m2\repository\org\glassfish\hk2\hk2-utils\2.5.0-b32\hk2-utils-2.5.0-b32.jar;C:\Users\nerot\.m2\repository\org\glassfish\hk2\external\aopalliance-repackage
Launcher Type: SUN_STANDARD

Logging:
Log output configuration:
#0: stdout all=warning uptime,level,tags
#1: stderr all=off uptime,level,tags

Environment Variables:
PATH=C:\Program Files\Microsoft MPI\Bin\;C:\Program Files\Haskell\bin;C:\Program Files\Haskell Platform\8.2.1\lib\extralibs\bin;C:\Program Files\Haskell Platform\8.2.1\bin;C:\ProgramData\Oracle\Java\javapath;C:\Program Files (x86)\Intel\iCLS Client\;C:\Program Files\Intel\iCLS Client\;C:\windows\system32;C:\windows;C:\windows\System32\Wbem;C:\windows\System32\WindowsPowerShell\v1.0\;C:\Program Files (x86)\Intel\Intel(R) Management Engine Components\DAL;C:\Program Files\Intel\Intel(R) Management Engine Components\DAL;C:\Program Files (x86)\Intel\Intel(R) Management Engine Components\IPT;C:\Program Files\Intel\Intel(R) Management Engine Components\IPT;C:\Program Files (x86)\NVIDIA Corporation\PhysX\Common;C:\Program Files\Java\jdk-9.0.1\bin;C:\Program Files\Haskell Platform\8.2.1\mingw\bin;C:\Python27;C:\Python27\Scripts;C:\TDM-GCC-64\bin;C:\WINDOWS\system32;C:\WINDOWS;C:\WINDOWS\System32\Wbem;C:\WINDOWS\System32\WindowsPowerShell\v1.0\;C:\Program Files\dotnet\;C:\Program Files\Microsoft SQL Server\130\Tools\Binn\;C:\Program Files (x86)\MySQL\MySQL Utilities 1.6\;C:\Program Files\PuTTY\;D:\Program Files\nodejs\;;C:\WINDOWS\System32\OpenSSH\;C:\Users\nerot\AppData\Roaming\cabal\bin;C:\Users\nerot\AppData\Roaming\local\bin;C:\Users\nerot\AppData\Local\Microsoft\WindowsApps;;C:\Program Files\Microsoft VS Code\bin;C:\Users\nerot\AppData\Roaming\npm
USERNAME=nerot
OS=Windows_NT
PROCESSOR_IDENTIFIER=Intel64 Family 6 Model 158 Stepping 9, GenuineIntel



---------------  S Y S T E M  ---------------

OS: Windows 10 , 64 bit Build 17134 (10.0.17134.1)

CPU:total 8 (initial active 8) (4 cores per cpu, 2 threads per core) family 6 model 158 stepping 9, cmov, cx8, fxsr, mmx, sse, sse2, sse3, ssse3, sse4.1, sse4.2, popcnt, avx, avx2, aes, clmul, erms, 3dnowpref, lzcnt, ht, tsc, tscinvbit, bmi1, bmi2, adx, fma

Memory: 4k page, physical 16659684k(9267800k free), swap 19150052k(8799824k free)

vm_info: Java HotSpot(TM) 64-Bit Server VM (9.0.1+11) for windows-amd64 JRE (9.0.1+11), built on Sep 28 2017 04:54:03 by "mach5one" with MS VC++ 12.0 (VS2013)

END.
